19:00:09  ERROR     .env file not found: .env
17:39:14  ERROR     .env file not found: .env
17:39:58  ERROR     .env file not found: .env
17:40:51  ERROR     Missing required env vars: ['DB_HOST', 'DB_PORT', 'DB_NAME', 'DB_USER', 'DB_PASSWORD', 'ADMIN_USER', 'ADMIN_PASSWORD']
17:42:12  ERROR     Missing required env vars: ['ADMIN_USER', 'ADMIN_PASSWORD']
17:42:24  ERROR     DWH_BUILD root not found: DWH_BUILD
17:45:40  ERROR     DWH_BUILD root not found: DWH_BUILD
17:46:48  INFO      ============================================================
17:46:48  INFO      DWH Infrastructure Setup  —  62 steps  (root: C:\Users\Ana\Desktop\Bachelor-s-Project\DWH_BUILD)
17:46:48  INFO      ============================================================
23:30:12  INFO      Bootstrap will connect as admin user: postgres
23:30:12  INFO      ============================================================
23:30:12  INFO      DWH Infrastructure Setup  —  62 steps  (root: C:\Users\Ana\Desktop\Bachelor-s-Project\DWH_BUILD)
23:30:12  INFO      ============================================================
23:30:13  INFO        [ ok ] step 01 — Create database                               (1.04s)
23:30:13  INFO        [ ok ] step 02 — Create roles & users                          (0.04s)
23:30:13  INFO        [ ok ] step 03 — Create schemas                                (0.02s)
23:30:13  INFO        [ ok ] step 04 — Role DB settings                              (0.00s)
23:30:13  INFO        [ ok ] step 05 — BL_CN: etl_run table                          (0.01s)
23:30:13  INFO        [ ok ] step 06 — BL_CN: etl_log table                          (0.01s)
23:30:13  INFO        [ ok ] step 07 — BL_CN: etl_run index                          (0.02s)
23:30:13  INFO        [ ok ] step 08 — BL_CN: etl_log indexes                        (0.02s)
23:30:13  INFO        [ ok ] step 09 — BL_CN: log_start function                     (0.03s)
23:30:13  INFO        [ ok ] step 10 — BL_CN: log_success procedure                  (0.01s)
23:30:13  INFO        [ ok ] step 11 — BL_CN: log_failure procedure                  (0.01s)
23:30:13  INFO        [ ok ] step 12 — BL_CN: v_latest_runs view                     (0.01s)
23:30:14  INFO        [ ok ] step 13 — BL_CN: v_etl_summary view                     (0.02s)
23:30:14  INFO        [ ok ] step 14 — BL_CN: v_failed_runs view                     (0.01s)
23:30:14  INFO        [ ok ] step 15 — BL_CN: v_pipeline_runs view                   (0.01s)
23:30:14  INFO        [ ok ] step 16 — SA_AUDIT: file_load_log table                 (0.01s)
23:30:14  INFO        [ ok ] step 17 — SA_AUDIT: file_load_log indexes               (0.02s)
23:30:14  INFO        [ ok ] step 18 — SRC: sales_offline table                      (0.01s)
23:30:14  INFO        [ ok ] step 19 — SRC: sales_online table                       (0.00s)
23:30:14  INFO        [ ok ] step 20 — STG: reject_sales table                       (0.00s)
23:30:14  INFO        [ ok ] step 21 — STG: sales_offline table                      (0.00s)
23:30:14  INFO        [ ok ] step 22 — STG: sales_online table                       (0.00s)
23:30:14  INFO        [ ok ] step 23 — STG: reject_sales index                       (0.01s)
23:30:14  INFO        [ ok ] step 24 — STG: sales_offline indexes                    (0.02s)
23:30:14  INFO        [ ok ] step 25 — STG: sales_online indexes                     (0.02s)
23:30:14  INFO        [ ok ] step 26 — BL_3NF: sequences                             (0.01s)
23:30:14  INFO        [ ok ] step 27 — BL_3NF: ce_suppliers table                    (0.01s)
23:30:14  INFO        [ ok ] step 28 — BL_3NF: ce_shippings table                    (0.01s)
23:30:14  INFO        [ ok ] step 29 — BL_3NF: ce_store_branches table               (0.01s)
23:30:14  INFO        [ ok ] step 30 — BL_3NF: ce_products table                     (0.01s)
23:30:14  INFO        [ ok ] step 31 — BL_3NF: ce_customers_scd table                (0.02s)
23:30:14  INFO        [ ok ] step 32 — BL_3NF: ce_employees_scd table                (0.02s)
23:30:14  INFO        [ ok ] step 33 — BL_3NF: ce_transactions table                 (0.01s)
23:30:14  INFO        [ ok ] step 34 — BL_3NF: ce_suppliers indexes                  (0.02s)
23:30:14  INFO        [ ok ] step 35 — BL_3NF: ce_shippings indexes                  (0.02s)
23:30:14  INFO        [ ok ] step 36 — BL_3NF: ce_store_branches index               (0.02s)
23:30:14  INFO        [ ok ] step 37 — BL_3NF: ce_products indexes                   (0.01s)
23:30:14  INFO        [ ok ] step 38 — BL_3NF: ce_customers_scd indexes              (0.01s)
23:30:14  INFO        [ ok ] step 39 — BL_3NF: ce_employees_scd indexes              (0.02s)
23:30:14  INFO        [ ok ] step 40 — BL_3NF: ce_transactions indexes               (0.02s)
23:30:14  INFO        [ ok ] step 41 — BL_3NF: unknown members                       (0.02s)
23:30:14  INFO        [ ok ] step 42 — BL_DM: sequences                              (0.02s)
23:30:14  INFO        [ ok ] step 43 — BL_DM: dm_suppliers table                     (0.01s)
23:30:14  INFO        [ ok ] step 44 — BL_DM: dm_shippings table                     (0.00s)
23:30:14  INFO        [ ok ] step 45 — BL_DM: dm_store_branches table                (0.00s)
23:30:14  INFO        [ ok ] step 46 — BL_DM: dim_dates table                        (0.00s)
23:30:14  INFO        [ ok ] step 47 — BL_DM: dm_customers_scd table                 (0.01s)
23:30:14  INFO        [ ok ] step 48 — BL_DM: dm_employees_scd table                 (0.01s)
23:30:14  INFO        [ ok ] step 49 — BL_DM: dm_junk_transactions table             (0.00s)
23:30:14  INFO        [ ok ] step 50 — BL_DM: dm_products table                      (0.00s)
23:30:14  INFO        [ ok ] step 51 — BL_DM: fct_transactions_dd table              (0.00s)
23:30:14  INFO        [ ok ] step 52 — BL_DM: dm_suppliers indexes                   (0.00s)
23:30:14  INFO        [ ok ] step 53 — BL_DM: dm_shippings indexes                   (0.00s)
23:30:14  INFO        [ ok ] step 54 — BL_DM: dm_store_branches indexes              (0.00s)
23:30:14  INFO        [ ok ] step 55 — BL_DM: dim_dates indexes                      (0.00s)
23:30:14  INFO        [ ok ] step 56 — BL_DM: dm_customers_scd indexes               (0.01s)
23:30:14  INFO        [ ok ] step 57 — BL_DM: dm_employees_scd indexes               (0.01s)
23:30:14  INFO        [ ok ] step 58 — BL_DM: dm_junk index                          (0.00s)
23:30:14  INFO        [ ok ] step 59 — BL_DM: dm_products indexes                    (0.01s)
23:30:14  INFO        [ ok ] step 60 — BL_DM: fct_transactions indexes               (0.00s)
23:30:14  INFO        [ ok ] step 61 — BL_DM: unknown members                        (0.03s)
23:30:14  INFO        [ ok ] step 62 — Permissions                                   (0.02s)
23:30:14  INFO      ============================================================
23:30:14  INFO      Setup complete — passed: 62  |  failed: 0  |  skipped: 0
23:30:14  INFO      ============================================================
00:32:28  INFO      Bootstrap will connect as admin user: postgres
00:32:28  INFO      ============================================================
00:32:28  INFO      DWH Infrastructure Setup  —  62 steps  (root: C:\Users\Ana\Desktop\Bachelor-s-Project\DWH_BUILD)
00:32:28  INFO      ============================================================
00:32:28  ERROR       [FAIL] step 01 — Create database  (0.01s)
00:32:28  ERROR              file : bootstrap/database.sql
00:32:28  ERROR              error: database "dnd_sales" already exists

00:36:04  ERROR     Aborting setup at step 1.
00:36:04  INFO      ============================================================
00:36:04  INFO      Setup complete — passed: 0  |  failed: 1  |  skipped: 0
00:36:04  WARNING   Re-run with --from-step <N> to retry failed steps.
00:36:04  INFO      ============================================================
00:36:08  INFO      Bootstrap will connect as admin user: postgres
00:36:08  INFO      ============================================================
00:36:08  INFO      DWH Infrastructure Setup  —  62 steps  (root: C:\Users\Ana\Desktop\Bachelor-s-Project\DWH_BUILD)
00:36:08  INFO      ============================================================
00:36:09  INFO        [ ok ] step 01 — Create database                               (0.88s)
00:36:09  INFO        [ ok ] step 02 — Create roles & users                          (0.01s)
00:36:09  INFO        [ ok ] step 03 — Create schemas                                (0.00s)
00:36:09  INFO        [ ok ] step 04 — Role DB settings                              (0.00s)
00:36:09  INFO        [ ok ] step 05 — BL_CN: etl_run table                          (0.00s)
00:36:09  INFO        [ ok ] step 06 — BL_CN: etl_log table                          (0.00s)
00:36:09  INFO        [ ok ] step 07 — BL_CN: etl_run index                          (0.00s)
00:36:09  INFO        [ ok ] step 08 — BL_CN: etl_log indexes                        (0.00s)
00:36:09  INFO        [ ok ] step 09 — BL_CN: log_start function                     (0.00s)
00:36:09  INFO        [ ok ] step 10 — BL_CN: log_success procedure                  (0.00s)
00:36:09  INFO        [ ok ] step 11 — BL_CN: log_failure procedure                  (0.00s)
00:36:09  INFO        [ ok ] step 12 — BL_CN: v_latest_runs view                     (0.00s)
00:36:09  INFO        [ ok ] step 13 — BL_CN: v_etl_summary view                     (0.01s)
00:36:09  INFO        [ ok ] step 14 — BL_CN: v_failed_runs view                     (0.00s)
00:36:09  INFO        [ ok ] step 15 — BL_CN: v_pipeline_runs view                   (0.00s)
00:36:09  INFO        [ ok ] step 16 — SA_AUDIT: file_load_log table                 (0.00s)
00:36:09  INFO        [ ok ] step 17 — SA_AUDIT: file_load_log indexes               (0.00s)
00:36:09  INFO        [ ok ] step 18 — SRC: sales_offline table                      (0.00s)
00:36:09  INFO        [ ok ] step 19 — SRC: sales_online table                       (0.00s)
00:36:09  INFO        [ ok ] step 20 — STG: reject_sales table                       (0.00s)
00:36:09  INFO        [ ok ] step 21 — STG: sales_offline table                      (0.00s)
00:36:09  INFO        [ ok ] step 22 — STG: sales_online table                       (0.00s)
00:36:09  INFO        [ ok ] step 23 — STG: reject_sales index                       (0.00s)
00:36:09  INFO        [ ok ] step 24 — STG: sales_offline indexes                    (0.00s)
00:36:09  INFO        [ ok ] step 25 — STG: sales_online indexes                     (0.00s)
00:36:09  INFO        [ ok ] step 26 — BL_3NF: sequences                             (0.00s)
00:36:09  INFO        [ ok ] step 27 — BL_3NF: ce_suppliers table                    (0.00s)
00:36:09  INFO        [ ok ] step 28 — BL_3NF: ce_shippings table                    (0.00s)
00:36:09  INFO        [ ok ] step 29 — BL_3NF: ce_store_branches table               (0.00s)
00:36:09  INFO        [ ok ] step 30 — BL_3NF: ce_products table                     (0.00s)
00:36:09  INFO        [ ok ] step 31 — BL_3NF: ce_customers_scd table                (0.00s)
00:36:09  INFO        [ ok ] step 32 — BL_3NF: ce_employees_scd table                (0.00s)
00:36:09  INFO        [ ok ] step 33 — BL_3NF: ce_transactions table                 (0.00s)
00:36:09  INFO        [ ok ] step 34 — BL_3NF: ce_suppliers indexes                  (0.00s)
00:36:09  INFO        [ ok ] step 35 — BL_3NF: ce_shippings indexes                  (0.00s)
00:36:09  INFO        [ ok ] step 36 — BL_3NF: ce_store_branches index               (0.00s)
00:36:09  INFO        [ ok ] step 37 — BL_3NF: ce_products indexes                   (0.00s)
00:36:09  INFO        [ ok ] step 38 — BL_3NF: ce_customers_scd indexes              (0.00s)
00:36:09  INFO        [ ok ] step 39 — BL_3NF: ce_employees_scd indexes              (0.00s)
00:36:09  INFO        [ ok ] step 40 — BL_3NF: ce_transactions indexes               (0.00s)
00:36:09  INFO        [ ok ] step 41 — BL_3NF: unknown members                       (0.01s)
00:36:09  INFO        [ ok ] step 42 — BL_DM: sequences                              (0.00s)
00:36:09  INFO        [ ok ] step 43 — BL_DM: dm_suppliers table                     (0.00s)
00:36:09  INFO        [ ok ] step 44 — BL_DM: dm_shippings table                     (0.00s)
00:36:09  INFO        [ ok ] step 45 — BL_DM: dm_store_branches table                (0.00s)
00:36:09  INFO        [ ok ] step 46 — BL_DM: dim_dates table                        (0.00s)
00:36:09  INFO        [ ok ] step 47 — BL_DM: dm_customers_scd table                 (0.00s)
00:36:09  INFO        [ ok ] step 48 — BL_DM: dm_employees_scd table                 (0.00s)
00:36:09  INFO        [ ok ] step 49 — BL_DM: dm_junk_transactions table             (0.00s)
00:36:09  INFO        [ ok ] step 50 — BL_DM: dm_products table                      (0.00s)
00:36:09  INFO        [ ok ] step 51 — BL_DM: fct_transactions_dd table              (0.00s)
00:36:09  INFO        [ ok ] step 52 — BL_DM: dm_suppliers indexes                   (0.00s)
00:36:09  INFO        [ ok ] step 53 — BL_DM: dm_shippings indexes                   (0.00s)
00:36:09  INFO        [ ok ] step 54 — BL_DM: dm_store_branches indexes              (0.00s)
00:36:09  INFO        [ ok ] step 55 — BL_DM: dim_dates indexes                      (0.00s)
00:36:09  INFO        [ ok ] step 56 — BL_DM: dm_customers_scd indexes               (0.00s)
00:36:09  INFO        [ ok ] step 57 — BL_DM: dm_employees_scd indexes               (0.00s)
00:36:09  INFO        [ ok ] step 58 — BL_DM: dm_junk index                          (0.00s)
00:36:09  INFO        [ ok ] step 59 — BL_DM: dm_products indexes                    (0.00s)
00:36:09  INFO        [ ok ] step 60 — BL_DM: fct_transactions indexes               (0.00s)
00:36:09  INFO        [ ok ] step 61 — BL_DM: unknown members                        (0.02s)
00:36:09  INFO        [ ok ] step 62 — Permissions                                   (0.01s)
00:36:09  INFO      ============================================================
00:36:09  INFO      Setup complete — passed: 62  |  failed: 0  |  skipped: 0
00:36:09  INFO      ============================================================
00:40:04  INFO      Bootstrap will connect as admin user: postgres
00:40:04  INFO      ============================================================
00:40:04  INFO      DWH Infrastructure Setup  —  62 steps  (root: C:\Users\Ana\Desktop\Bachelor-s-Project\DWH_BUILD)
00:40:04  INFO      ============================================================
00:40:05  INFO        [ ok ] step 01 — Create database                               (0.86s)
00:40:05  INFO        [ ok ] step 02 — Create roles & users                          (0.01s)
00:40:05  INFO        [ ok ] step 03 — Create schemas                                (0.00s)
00:40:05  INFO        [ ok ] step 04 — Role DB settings                              (0.01s)
00:40:05  INFO        [ ok ] step 05 — BL_CN: etl_run table                          (0.00s)
00:40:05  INFO        [ ok ] step 06 — BL_CN: etl_log table                          (0.00s)
00:40:05  INFO        [ ok ] step 07 — BL_CN: etl_run index                          (0.00s)
00:40:05  INFO        [ ok ] step 08 — BL_CN: etl_log indexes                        (0.00s)
00:40:05  INFO        [ ok ] step 09 — BL_CN: log_start function                     (0.01s)
00:40:05  INFO        [ ok ] step 10 — BL_CN: log_success procedure                  (0.00s)
00:40:05  INFO        [ ok ] step 11 — BL_CN: log_failure procedure                  (0.00s)
00:40:05  INFO        [ ok ] step 12 — BL_CN: v_latest_runs view                     (0.00s)
00:40:05  INFO        [ ok ] step 13 — BL_CN: v_etl_summary view                     (0.00s)
00:40:05  INFO        [ ok ] step 14 — BL_CN: v_failed_runs view                     (0.00s)
00:40:05  INFO        [ ok ] step 15 — BL_CN: v_pipeline_runs view                   (0.00s)
00:40:05  INFO        [ ok ] step 16 — SA_AUDIT: file_load_log table                 (0.00s)
00:40:05  INFO        [ ok ] step 17 — SA_AUDIT: file_load_log indexes               (0.00s)
00:40:05  INFO        [ ok ] step 18 — SRC: sales_offline table                      (0.00s)
00:40:05  INFO        [ ok ] step 19 — SRC: sales_online table                       (0.00s)
00:40:05  INFO        [ ok ] step 20 — STG: reject_sales table                       (0.00s)
00:40:05  INFO        [ ok ] step 21 — STG: sales_offline table                      (0.00s)
00:40:05  INFO        [ ok ] step 22 — STG: sales_online table                       (0.00s)
00:40:05  INFO        [ ok ] step 23 — STG: reject_sales index                       (0.00s)
00:40:05  INFO        [ ok ] step 24 — STG: sales_offline indexes                    (0.00s)
00:40:05  INFO        [ ok ] step 25 — STG: sales_online indexes                     (0.00s)
00:40:05  INFO        [ ok ] step 26 — BL_3NF: sequences                             (0.00s)
00:40:05  INFO        [ ok ] step 27 — BL_3NF: ce_suppliers table                    (0.00s)
00:40:05  INFO        [ ok ] step 28 — BL_3NF: ce_shippings table                    (0.00s)
00:40:05  INFO        [ ok ] step 29 — BL_3NF: ce_store_branches table               (0.00s)
00:40:05  INFO        [ ok ] step 30 — BL_3NF: ce_products table                     (0.00s)
00:40:05  INFO        [ ok ] step 31 — BL_3NF: ce_customers_scd table                (0.00s)
00:40:05  INFO        [ ok ] step 32 — BL_3NF: ce_employees_scd table                (0.00s)
00:40:05  INFO        [ ok ] step 33 — BL_3NF: ce_transactions table                 (0.00s)
00:40:05  INFO        [ ok ] step 34 — BL_3NF: ce_suppliers indexes                  (0.00s)
00:40:05  INFO        [ ok ] step 35 — BL_3NF: ce_shippings indexes                  (0.00s)
00:40:05  INFO        [ ok ] step 36 — BL_3NF: ce_store_branches index               (0.00s)
00:40:05  INFO        [ ok ] step 37 — BL_3NF: ce_products indexes                   (0.00s)
00:40:05  INFO        [ ok ] step 38 — BL_3NF: ce_customers_scd indexes              (0.00s)
00:40:05  INFO        [ ok ] step 39 — BL_3NF: ce_employees_scd indexes              (0.00s)
00:40:05  INFO        [ ok ] step 40 — BL_3NF: ce_transactions indexes               (0.00s)
00:40:05  INFO        [ ok ] step 41 — BL_3NF: unknown members                       (0.00s)
00:40:05  INFO        [ ok ] step 42 — BL_DM: sequences                              (0.00s)
00:40:05  INFO        [ ok ] step 43 — BL_DM: dm_suppliers table                     (0.00s)
00:40:05  INFO        [ ok ] step 44 — BL_DM: dm_shippings table                     (0.00s)
00:40:05  INFO        [ ok ] step 45 — BL_DM: dm_store_branches table                (0.00s)
00:40:05  INFO        [ ok ] step 46 — BL_DM: dim_dates table                        (0.00s)
00:40:05  INFO        [ ok ] step 47 — BL_DM: dm_customers_scd table                 (0.00s)
00:40:05  INFO        [ ok ] step 48 — BL_DM: dm_employees_scd table                 (0.00s)
00:40:05  INFO        [ ok ] step 49 — BL_DM: dm_junk_transactions table             (0.00s)
00:40:05  INFO        [ ok ] step 50 — BL_DM: dm_products table                      (0.00s)
00:40:05  INFO        [ ok ] step 51 — BL_DM: fct_transactions_dd table              (0.00s)
00:40:05  INFO        [ ok ] step 52 — BL_DM: dm_suppliers indexes                   (0.00s)
00:40:05  INFO        [ ok ] step 53 — BL_DM: dm_shippings indexes                   (0.00s)
00:40:05  INFO        [ ok ] step 54 — BL_DM: dm_store_branches indexes              (0.00s)
00:40:05  INFO        [ ok ] step 55 — BL_DM: dim_dates indexes                      (0.00s)
00:40:05  INFO        [ ok ] step 56 — BL_DM: dm_customers_scd indexes               (0.00s)
00:40:05  INFO        [ ok ] step 57 — BL_DM: dm_employees_scd indexes               (0.00s)
00:40:05  INFO        [ ok ] step 58 — BL_DM: dm_junk index                          (0.00s)
00:40:05  INFO        [ ok ] step 59 — BL_DM: dm_products indexes                    (0.00s)
00:40:05  INFO        [ ok ] step 60 — BL_DM: fct_transactions indexes               (0.00s)
00:40:05  INFO        [ ok ] step 61 — BL_DM: unknown members                        (0.01s)
00:40:05  INFO        [ ok ] step 62 — Permissions                                   (0.01s)
00:40:05  INFO      ============================================================
00:40:05  INFO      Setup complete — passed: 62  |  failed: 0  |  skipped: 0
00:40:05  INFO      ============================================================
00:48:10  INFO      Bootstrap will connect as admin user: postgres
00:48:10  INFO      ============================================================
00:48:10  INFO      DWH Infrastructure Setup  —  62 steps  (root: C:\Users\Ana\Desktop\Bachelor-s-Project\DWH_BUILD)
00:48:10  INFO      ============================================================
00:48:11  INFO        [ ok ] step 01 — Create database                               (1.20s)
00:48:11  INFO        [ ok ] step 02 — Create roles & users                          (0.02s)
00:48:11  INFO        [ ok ] step 03 — Create schemas                                (0.01s)
00:48:11  INFO        [ ok ] step 04 — Role DB settings                              (0.00s)
00:48:11  INFO        [ ok ] step 05 — BL_CN: etl_run table                          (0.00s)
00:48:11  INFO        [ ok ] step 06 — BL_CN: etl_log table                          (0.00s)
00:48:11  INFO        [ ok ] step 07 — BL_CN: etl_run index                          (0.00s)
00:48:11  INFO        [ ok ] step 08 — BL_CN: etl_log indexes                        (0.00s)
00:48:11  INFO        [ ok ] step 09 — BL_CN: log_start function                     (0.01s)
00:48:11  INFO        [ ok ] step 10 — BL_CN: log_success procedure                  (0.00s)
00:48:11  INFO        [ ok ] step 11 — BL_CN: log_failure procedure                  (0.00s)
00:48:11  INFO        [ ok ] step 12 — BL_CN: v_latest_runs view                     (0.00s)
00:48:11  INFO        [ ok ] step 13 — BL_CN: v_etl_summary view                     (0.00s)
00:48:11  INFO        [ ok ] step 14 — BL_CN: v_failed_runs view                     (0.00s)
00:48:11  INFO        [ ok ] step 15 — BL_CN: v_pipeline_runs view                   (0.00s)
00:48:11  INFO        [ ok ] step 16 — SA_AUDIT: file_load_log table                 (0.00s)
00:48:11  INFO        [ ok ] step 17 — SA_AUDIT: file_load_log indexes               (0.00s)
00:48:11  INFO        [ ok ] step 18 — SRC: sales_offline table                      (0.00s)
00:48:11  INFO        [ ok ] step 19 — SRC: sales_online table                       (0.00s)
00:48:11  INFO        [ ok ] step 20 — STG: reject_sales table                       (0.00s)
00:48:11  INFO        [ ok ] step 21 — STG: sales_offline table                      (0.00s)
00:48:11  INFO        [ ok ] step 22 — STG: sales_online table                       (0.00s)
00:48:11  INFO        [ ok ] step 23 — STG: reject_sales index                       (0.00s)
00:48:11  INFO        [ ok ] step 24 — STG: sales_offline indexes                    (0.00s)
00:48:11  INFO        [ ok ] step 25 — STG: sales_online indexes                     (0.00s)
00:48:11  INFO        [ ok ] step 26 — BL_3NF: sequences                             (0.02s)
00:48:11  INFO        [ ok ] step 27 — BL_3NF: ce_suppliers table                    (0.17s)
00:48:11  INFO        [ ok ] step 28 — BL_3NF: ce_shippings table                    (0.02s)
00:48:11  INFO        [ ok ] step 29 — BL_3NF: ce_store_branches table               (0.01s)
00:48:11  INFO        [ ok ] step 30 — BL_3NF: ce_products table                     (0.02s)
00:48:11  INFO        [ ok ] step 31 — BL_3NF: ce_customers_scd table                (0.01s)
00:48:11  INFO        [ ok ] step 32 — BL_3NF: ce_employees_scd table                (0.01s)
00:48:12  INFO        [ ok ] step 33 — BL_3NF: ce_transactions table                 (0.02s)
00:48:12  INFO        [ ok ] step 34 — BL_3NF: ce_suppliers indexes                  (0.01s)
00:48:12  INFO        [ ok ] step 35 — BL_3NF: ce_shippings indexes                  (0.01s)
00:48:12  INFO        [ ok ] step 36 — BL_3NF: ce_store_branches index               (0.01s)
00:48:12  INFO        [ ok ] step 37 — BL_3NF: ce_products indexes                   (0.01s)
00:48:12  ERROR       [FAIL] step 38 — BL_3NF: ce_customers_scd indexes  (0.01s)
00:48:12  ERROR              file : bl_3nf/bl_3nf_index/ce_customers_scd.sql
00:48:12  ERROR              error: column "row_hash" does not exist

00:49:12  ERROR     Aborting setup at step 38.
00:49:12  INFO      ============================================================
00:49:12  INFO      Setup complete — passed: 37  |  failed: 1  |  skipped: 0
00:49:12  WARNING   Re-run with --from-step <N> to retry failed steps.
00:49:12  INFO      ============================================================
00:49:14  INFO      Bootstrap will connect as admin user: postgres
00:49:14  INFO      ============================================================
00:49:14  INFO      DWH Infrastructure Setup  —  62 steps  (root: C:\Users\Ana\Desktop\Bachelor-s-Project\DWH_BUILD)
00:49:14  INFO      ============================================================
00:49:14  ERROR       [FAIL] step 01 — Create database  (0.00s)
00:49:14  ERROR              file : bootstrap/database.sql
00:49:14  ERROR              error: database "dnd_sales" already exists

00:49:19  ERROR     Aborting setup at step 1.
00:49:19  INFO      ============================================================
00:49:19  INFO      Setup complete — passed: 0  |  failed: 1  |  skipped: 0
00:49:19  WARNING   Re-run with --from-step <N> to retry failed steps.
00:49:19  INFO      ============================================================
00:50:28  INFO      Bootstrap will connect as admin user: postgres
00:50:28  INFO      ============================================================
00:50:28  INFO      DWH Infrastructure Setup  —  62 steps  (root: C:\Users\Ana\Desktop\Bachelor-s-Project\DWH_BUILD)
00:50:28  INFO      ============================================================
00:50:29  INFO        [ ok ] step 01 — Create database                               (0.96s)
00:50:29  INFO        [ ok ] step 02 — Create roles & users                          (0.01s)
00:50:29  INFO        [ ok ] step 03 — Create schemas                                (0.00s)
00:50:29  INFO        [ ok ] step 04 — Role DB settings                              (0.00s)
00:50:29  INFO        [ ok ] step 05 — BL_CN: etl_run table                          (0.00s)
00:50:29  INFO        [ ok ] step 06 — BL_CN: etl_log table                          (0.00s)
00:50:29  INFO        [ ok ] step 07 — BL_CN: etl_run index                          (0.00s)
00:50:29  INFO        [ ok ] step 08 — BL_CN: etl_log indexes                        (0.00s)
00:50:29  INFO        [ ok ] step 09 — BL_CN: log_start function                     (0.00s)
00:50:29  INFO        [ ok ] step 10 — BL_CN: log_success procedure                  (0.00s)
00:50:29  INFO        [ ok ] step 11 — BL_CN: log_failure procedure                  (0.00s)
00:50:29  INFO        [ ok ] step 12 — BL_CN: v_latest_runs view                     (0.00s)
00:50:29  INFO        [ ok ] step 13 — BL_CN: v_etl_summary view                     (0.00s)
00:50:29  INFO        [ ok ] step 14 — BL_CN: v_failed_runs view                     (0.00s)
00:50:29  INFO        [ ok ] step 15 — BL_CN: v_pipeline_runs view                   (0.00s)
00:50:29  INFO        [ ok ] step 16 — SA_AUDIT: file_load_log table                 (0.00s)
00:50:29  INFO        [ ok ] step 17 — SA_AUDIT: file_load_log indexes               (0.00s)
00:50:29  INFO        [ ok ] step 18 — SRC: sales_offline table                      (0.00s)
00:50:29  INFO        [ ok ] step 19 — SRC: sales_online table                       (0.00s)
00:50:29  INFO        [ ok ] step 20 — STG: reject_sales table                       (0.00s)
00:50:29  INFO        [ ok ] step 21 — STG: sales_offline table                      (0.00s)
00:50:29  INFO        [ ok ] step 22 — STG: sales_online table                       (0.00s)
00:50:29  INFO        [ ok ] step 23 — STG: reject_sales index                       (0.00s)
00:50:29  INFO        [ ok ] step 24 — STG: sales_offline indexes                    (0.00s)
00:50:29  INFO        [ ok ] step 25 — STG: sales_online indexes                     (0.00s)
00:50:29  INFO        [ ok ] step 26 — BL_3NF: sequences                             (0.01s)
00:50:29  INFO        [ ok ] step 27 — BL_3NF: ce_suppliers table                    (0.04s)
00:50:29  INFO        [ ok ] step 28 — BL_3NF: ce_shippings table                    (0.01s)
00:50:29  INFO        [ ok ] step 29 — BL_3NF: ce_store_branches table               (0.01s)
00:50:29  INFO        [ ok ] step 30 — BL_3NF: ce_products table                     (0.01s)
00:50:29  INFO        [ ok ] step 31 — BL_3NF: ce_customers_scd table                (0.02s)
00:50:29  INFO        [ ok ] step 32 — BL_3NF: ce_employees_scd table                (0.02s)
00:50:29  INFO        [ ok ] step 33 — BL_3NF: ce_transactions table                 (0.02s)
00:50:29  INFO        [ ok ] step 34 — BL_3NF: ce_suppliers indexes                  (0.01s)
00:50:29  INFO        [ ok ] step 35 — BL_3NF: ce_shippings indexes                  (0.01s)
00:50:29  INFO        [ ok ] step 36 — BL_3NF: ce_store_branches index               (0.01s)
00:50:29  INFO        [ ok ] step 37 — BL_3NF: ce_products indexes                   (0.01s)
00:50:29  INFO        [ ok ] step 38 — BL_3NF: ce_customers_scd indexes              (0.02s)
00:50:30  ERROR       [FAIL] step 39 — BL_3NF: ce_employees_scd indexes  (0.01s)
00:50:30  ERROR              file : bl_3nf/bl_3nf_index/ce_employees_scd.sql
00:50:30  ERROR              error: column "row_hash" does not exist

00:51:26  ERROR     Aborting setup at step 39.
00:51:26  INFO      ============================================================
00:51:26  INFO      Setup complete — passed: 38  |  failed: 1  |  skipped: 0
00:51:26  WARNING   Re-run with --from-step <N> to retry failed steps.
00:51:26  INFO      ============================================================
00:52:52  INFO      Bootstrap will connect as admin user: postgres
00:52:52  INFO      ============================================================
00:52:52  INFO      DWH Infrastructure Setup  —  62 steps  (root: C:\Users\Ana\Desktop\Bachelor-s-Project\DWH_BUILD)
00:52:52  INFO      ============================================================
00:52:53  INFO        [ ok ] step 01 — Create database                               (1.06s)
00:52:53  INFO        [ ok ] step 02 — Create roles & users                          (0.02s)
00:52:53  INFO        [ ok ] step 03 — Create schemas                                (0.00s)
00:52:53  INFO        [ ok ] step 04 — Role DB settings                              (0.00s)
00:52:53  INFO        [ ok ] step 05 — BL_CN: etl_run table                          (0.00s)
00:52:53  INFO        [ ok ] step 06 — BL_CN: etl_log table                          (0.00s)
00:52:53  INFO        [ ok ] step 07 — BL_CN: etl_run index                          (0.00s)
00:52:53  INFO        [ ok ] step 08 — BL_CN: etl_log indexes                        (0.00s)
00:52:53  INFO        [ ok ] step 09 — BL_CN: log_start function                     (0.00s)
00:52:53  INFO        [ ok ] step 10 — BL_CN: log_success procedure                  (0.00s)
00:52:53  INFO        [ ok ] step 11 — BL_CN: log_failure procedure                  (0.00s)
00:52:53  INFO        [ ok ] step 12 — BL_CN: v_latest_runs view                     (0.00s)
00:52:53  INFO        [ ok ] step 13 — BL_CN: v_etl_summary view                     (0.00s)
00:52:54  INFO        [ ok ] step 14 — BL_CN: v_failed_runs view                     (0.00s)
00:52:54  INFO        [ ok ] step 15 — BL_CN: v_pipeline_runs view                   (0.00s)
00:52:54  INFO        [ ok ] step 16 — SA_AUDIT: file_load_log table                 (0.00s)
00:52:54  INFO        [ ok ] step 17 — SA_AUDIT: file_load_log indexes               (0.00s)
00:52:54  INFO        [ ok ] step 18 — SRC: sales_offline table                      (0.00s)
00:52:54  INFO        [ ok ] step 19 — SRC: sales_online table                       (0.00s)
00:52:54  INFO        [ ok ] step 20 — STG: reject_sales table                       (0.00s)
00:52:54  INFO        [ ok ] step 21 — STG: sales_offline table                      (0.00s)
00:52:54  INFO        [ ok ] step 22 — STG: sales_online table                       (0.00s)
00:52:54  INFO        [ ok ] step 23 — STG: reject_sales index                       (0.00s)
00:52:54  INFO        [ ok ] step 24 — STG: sales_offline indexes                    (0.00s)
00:52:54  INFO        [ ok ] step 25 — STG: sales_online indexes                     (0.00s)
00:52:54  INFO        [ ok ] step 26 — BL_3NF: sequences                             (0.01s)
00:52:54  INFO        [ ok ] step 27 — BL_3NF: ce_suppliers table                    (0.04s)
00:52:54  INFO        [ ok ] step 28 — BL_3NF: ce_shippings table                    (0.01s)
00:52:54  INFO        [ ok ] step 29 — BL_3NF: ce_store_branches table               (0.01s)
00:52:54  INFO        [ ok ] step 30 — BL_3NF: ce_products table                     (0.02s)
00:52:54  INFO        [ ok ] step 31 — BL_3NF: ce_customers_scd table                (0.01s)
00:52:54  INFO        [ ok ] step 32 — BL_3NF: ce_employees_scd table                (0.01s)
00:52:54  INFO        [ ok ] step 33 — BL_3NF: ce_transactions table                 (0.01s)
00:52:54  INFO        [ ok ] step 34 — BL_3NF: ce_suppliers indexes                  (0.01s)
00:52:54  INFO        [ ok ] step 35 — BL_3NF: ce_shippings indexes                  (0.01s)
00:52:54  INFO        [ ok ] step 36 — BL_3NF: ce_store_branches index               (0.01s)
00:52:54  INFO        [ ok ] step 37 — BL_3NF: ce_products indexes                   (0.01s)
00:52:54  INFO        [ ok ] step 38 — BL_3NF: ce_customers_scd indexes              (0.02s)
00:52:54  INFO        [ ok ] step 39 — BL_3NF: ce_employees_scd indexes              (0.02s)
00:52:54  INFO        [ ok ] step 40 — BL_3NF: ce_transactions indexes               (0.03s)
00:52:54  ERROR       [FAIL] step 41 — BL_3NF: unknown members  (0.01s)
00:52:54  ERROR              file : bl_3nf/bl_3nf_unknown_members/insert_unknown_members.sql
00:52:54  ERROR              error: column "row_hash" of relation "ce_customers_scd" does not exist
LINE 75:     row_hash, ta_insert_dt,
             ^

00:54:19  ERROR     Aborting setup at step 41.
00:54:19  INFO      ============================================================
00:54:19  INFO      Setup complete — passed: 40  |  failed: 1  |  skipped: 0
00:54:19  WARNING   Re-run with --from-step <N> to retry failed steps.
00:54:19  INFO      ============================================================
00:54:21  INFO      Bootstrap will connect as admin user: postgres
00:54:21  INFO      ============================================================
00:54:21  INFO      DWH Infrastructure Setup  —  62 steps  (root: C:\Users\Ana\Desktop\Bachelor-s-Project\DWH_BUILD)
00:54:21  INFO      ============================================================
00:54:22  INFO        [ ok ] step 01 — Create database                               (1.10s)
00:54:22  INFO        [ ok ] step 02 — Create roles & users                          (0.01s)
00:54:22  INFO        [ ok ] step 03 — Create schemas                                (0.00s)
00:54:22  INFO        [ ok ] step 04 — Role DB settings                              (0.00s)
00:54:22  INFO        [ ok ] step 05 — BL_CN: etl_run table                          (0.00s)
00:54:22  INFO        [ ok ] step 06 — BL_CN: etl_log table                          (0.00s)
00:54:22  INFO        [ ok ] step 07 — BL_CN: etl_run index                          (0.00s)
00:54:22  INFO        [ ok ] step 08 — BL_CN: etl_log indexes                        (0.00s)
00:54:22  INFO        [ ok ] step 09 — BL_CN: log_start function                     (0.00s)
00:54:22  INFO        [ ok ] step 10 — BL_CN: log_success procedure                  (0.00s)
00:54:22  INFO        [ ok ] step 11 — BL_CN: log_failure procedure                  (0.00s)
00:54:22  INFO        [ ok ] step 12 — BL_CN: v_latest_runs view                     (0.00s)
00:54:22  INFO        [ ok ] step 13 — BL_CN: v_etl_summary view                     (0.00s)
00:54:22  INFO        [ ok ] step 14 — BL_CN: v_failed_runs view                     (0.00s)
00:54:22  INFO        [ ok ] step 15 — BL_CN: v_pipeline_runs view                   (0.00s)
00:54:22  INFO        [ ok ] step 16 — SA_AUDIT: file_load_log table                 (0.00s)
00:54:22  INFO        [ ok ] step 17 — SA_AUDIT: file_load_log indexes               (0.00s)
00:54:22  INFO        [ ok ] step 18 — SRC: sales_offline table                      (0.00s)
00:54:22  INFO        [ ok ] step 19 — SRC: sales_online table                       (0.00s)
00:54:22  INFO        [ ok ] step 20 — STG: reject_sales table                       (0.00s)
00:54:22  INFO        [ ok ] step 21 — STG: sales_offline table                      (0.00s)
00:54:22  INFO        [ ok ] step 22 — STG: sales_online table                       (0.00s)
00:54:22  INFO        [ ok ] step 23 — STG: reject_sales index                       (0.00s)
00:54:22  INFO        [ ok ] step 24 — STG: sales_offline indexes                    (0.00s)
00:54:22  INFO        [ ok ] step 25 — STG: sales_online indexes                     (0.00s)
00:54:22  INFO        [ ok ] step 26 — BL_3NF: sequences                             (0.01s)
00:54:23  INFO        [ ok ] step 27 — BL_3NF: ce_suppliers table                    (0.04s)
00:54:23  INFO        [ ok ] step 28 — BL_3NF: ce_shippings table                    (0.01s)
00:54:23  INFO        [ ok ] step 29 — BL_3NF: ce_store_branches table               (0.01s)
00:54:23  INFO        [ ok ] step 30 — BL_3NF: ce_products table                     (0.01s)
00:54:23  INFO        [ ok ] step 31 — BL_3NF: ce_customers_scd table                (0.01s)
00:54:23  INFO        [ ok ] step 32 — BL_3NF: ce_employees_scd table                (0.01s)
00:54:23  INFO        [ ok ] step 33 — BL_3NF: ce_transactions table                 (0.01s)
00:54:23  INFO        [ ok ] step 34 — BL_3NF: ce_suppliers indexes                  (0.00s)
00:54:23  INFO        [ ok ] step 35 — BL_3NF: ce_shippings indexes                  (0.00s)
00:54:23  INFO        [ ok ] step 36 — BL_3NF: ce_store_branches index               (0.01s)
00:54:23  INFO        [ ok ] step 37 — BL_3NF: ce_products indexes                   (0.01s)
00:54:23  INFO        [ ok ] step 38 — BL_3NF: ce_customers_scd indexes              (0.01s)
00:54:23  INFO        [ ok ] step 39 — BL_3NF: ce_employees_scd indexes              (0.02s)
00:54:23  INFO        [ ok ] step 40 — BL_3NF: ce_transactions indexes               (0.02s)
00:54:23  INFO        [ ok ] step 41 — BL_3NF: unknown members                       (0.01s)
00:54:23  INFO        [ ok ] step 42 — BL_DM: sequences                              (0.01s)
00:54:23  INFO        [ ok ] step 43 — BL_DM: dm_suppliers table                     (0.04s)
00:54:23  INFO        [ ok ] step 44 — BL_DM: dm_shippings table                     (0.01s)
00:54:23  INFO        [ ok ] step 45 — BL_DM: dm_store_branches table                (0.01s)
00:54:23  INFO        [ ok ] step 46 — BL_DM: dim_dates table                        (0.01s)
00:54:23  INFO        [ ok ] step 47 — BL_DM: dm_customers_scd table                 (0.01s)
00:54:23  INFO        [ ok ] step 48 — BL_DM: dm_employees_scd table                 (0.01s)
00:54:23  INFO        [ ok ] step 49 — BL_DM: dm_junk_transactions table             (0.01s)
00:54:23  INFO        [ ok ] step 50 — BL_DM: dm_products table                      (0.01s)
00:54:23  INFO        [ ok ] step 51 — BL_DM: fct_transactions_dd table              (0.01s)
00:54:23  INFO        [ ok ] step 52 — BL_DM: dm_suppliers indexes                   (0.01s)
00:54:23  INFO        [ ok ] step 53 — BL_DM: dm_shippings indexes                   (0.01s)
00:54:23  INFO        [ ok ] step 54 — BL_DM: dm_store_branches indexes              (0.00s)
00:54:23  INFO        [ ok ] step 55 — BL_DM: dim_dates indexes                      (0.01s)
00:54:23  INFO        [ ok ] step 56 — BL_DM: dm_customers_scd indexes               (0.01s)
00:54:23  INFO        [ ok ] step 57 — BL_DM: dm_employees_scd indexes               (0.01s)
00:54:23  INFO        [ ok ] step 58 — BL_DM: dm_junk index                          (0.00s)
00:54:23  INFO        [ ok ] step 59 — BL_DM: dm_products indexes                    (0.01s)
00:54:23  INFO        [ ok ] step 60 — BL_DM: fct_transactions indexes               (0.02s)
00:54:23  INFO        [ ok ] step 61 — BL_DM: unknown members                        (0.02s)
00:54:23  INFO        [ ok ] step 62 — Permissions                                   (0.04s)
00:54:23  INFO      ============================================================
00:54:23  INFO      Setup complete — passed: 62  |  failed: 0  |  skipped: 0
00:54:23  INFO      ============================================================
14:18:04  INFO      Bootstrap will connect as admin user: postgres
14:18:04  INFO      ============================================================
14:18:04  INFO      DWH Infrastructure Setup  —  62 steps  (root: C:\Users\Ana\Desktop\Bachelor-s-Project\DWH_BUILD)
14:18:04  INFO      ============================================================
14:18:05  INFO        [ ok ] step 01 — Create database                               (1.21s)
14:18:05  INFO        [ ok ] step 02 — Create roles & users                          (0.04s)
14:18:05  INFO        [ ok ] step 03 — Create schemas                                (0.01s)
14:18:05  INFO        [ ok ] step 04 — Role DB settings                              (0.00s)
14:18:05  INFO        [ ok ] step 05 — BL_CN: etl_run table                          (0.00s)
14:18:05  INFO        [ ok ] step 06 — BL_CN: etl_log table                          (0.00s)
14:18:05  INFO        [ ok ] step 07 — BL_CN: etl_run index                          (0.01s)
14:18:05  INFO        [ ok ] step 08 — BL_CN: etl_log indexes                        (0.00s)
14:18:05  INFO        [ ok ] step 09 — BL_CN: log_start function                     (0.01s)
14:18:05  INFO        [ ok ] step 10 — BL_CN: log_success procedure                  (0.00s)
14:18:05  INFO        [ ok ] step 11 — BL_CN: log_failure procedure                  (0.00s)
14:18:05  INFO        [ ok ] step 12 — BL_CN: v_latest_runs view                     (0.01s)
14:18:05  INFO        [ ok ] step 13 — BL_CN: v_etl_summary view                     (0.02s)
14:18:05  INFO        [ ok ] step 14 — BL_CN: v_failed_runs view                     (0.01s)
14:18:05  INFO        [ ok ] step 15 — BL_CN: v_pipeline_runs view                   (0.00s)
14:18:05  INFO        [ ok ] step 16 — SA_AUDIT: file_load_log table                 (0.00s)
14:18:05  INFO        [ ok ] step 17 — SA_AUDIT: file_load_log indexes               (0.00s)
14:18:05  INFO        [ ok ] step 18 — SRC: sales_offline table                      (0.00s)
14:18:05  INFO        [ ok ] step 19 — SRC: sales_online table                       (0.00s)
14:18:05  INFO        [ ok ] step 20 — STG: reject_sales table                       (0.00s)
14:18:05  INFO        [ ok ] step 21 — STG: sales_offline table                      (0.00s)
14:18:05  INFO        [ ok ] step 22 — STG: sales_online table                       (0.00s)
14:18:05  INFO        [ ok ] step 23 — STG: reject_sales index                       (0.00s)
14:18:05  INFO        [ ok ] step 24 — STG: sales_offline indexes                    (0.00s)
14:18:05  INFO        [ ok ] step 25 — STG: sales_online indexes                     (0.00s)
14:18:05  INFO        [ ok ] step 26 — BL_3NF: sequences                             (0.00s)
14:18:05  INFO        [ ok ] step 27 — BL_3NF: ce_suppliers table                    (0.00s)
14:18:05  INFO        [ ok ] step 28 — BL_3NF: ce_shippings table                    (0.00s)
14:18:05  INFO        [ ok ] step 29 — BL_3NF: ce_store_branches table               (0.00s)
14:18:05  INFO        [ ok ] step 30 — BL_3NF: ce_products table                     (0.00s)
14:18:05  INFO        [ ok ] step 31 — BL_3NF: ce_customers_scd table                (0.00s)
14:18:05  INFO        [ ok ] step 32 — BL_3NF: ce_employees_scd table                (0.00s)
14:18:05  INFO        [ ok ] step 33 — BL_3NF: ce_transactions table                 (0.00s)
14:18:05  INFO        [ ok ] step 34 — BL_3NF: ce_suppliers indexes                  (0.00s)
14:18:05  INFO        [ ok ] step 35 — BL_3NF: ce_shippings indexes                  (0.00s)
14:18:05  INFO        [ ok ] step 36 — BL_3NF: ce_store_branches index               (0.00s)
14:18:05  INFO        [ ok ] step 37 — BL_3NF: ce_products indexes                   (0.01s)
14:18:05  INFO        [ ok ] step 38 — BL_3NF: ce_customers_scd indexes              (0.03s)
14:18:05  INFO        [ ok ] step 39 — BL_3NF: ce_employees_scd indexes              (0.00s)
14:18:05  INFO        [ ok ] step 40 — BL_3NF: ce_transactions indexes               (0.00s)
14:18:06  INFO        [ ok ] step 41 — BL_3NF: unknown members                       (0.02s)
14:18:06  INFO        [ ok ] step 42 — BL_DM: sequences                              (0.00s)
14:18:06  INFO        [ ok ] step 43 — BL_DM: dm_suppliers table                     (0.00s)
14:18:06  INFO        [ ok ] step 44 — BL_DM: dm_shippings table                     (0.00s)
14:18:06  INFO        [ ok ] step 45 — BL_DM: dm_store_branches table                (0.00s)
14:18:06  INFO        [ ok ] step 46 — BL_DM: dim_dates table                        (0.00s)
14:18:06  INFO        [ ok ] step 47 — BL_DM: dm_customers_scd table                 (0.00s)
14:18:06  INFO        [ ok ] step 48 — BL_DM: dm_employees_scd table                 (0.00s)
14:18:06  INFO        [ ok ] step 49 — BL_DM: dm_junk_transactions table             (0.00s)
14:18:06  INFO        [ ok ] step 50 — BL_DM: dm_products table                      (0.00s)
14:18:06  INFO        [ ok ] step 51 — BL_DM: fct_transactions_dd table              (0.00s)
14:18:06  INFO        [ ok ] step 52 — BL_DM: dm_suppliers indexes                   (0.00s)
14:18:06  INFO        [ ok ] step 53 — BL_DM: dm_shippings indexes                   (0.00s)
14:18:06  INFO        [ ok ] step 54 — BL_DM: dm_store_branches indexes              (0.00s)
14:18:06  INFO        [ ok ] step 55 — BL_DM: dim_dates indexes                      (0.00s)
14:18:06  INFO        [ ok ] step 56 — BL_DM: dm_customers_scd indexes               (0.04s)
14:18:06  INFO        [ ok ] step 57 — BL_DM: dm_employees_scd indexes               (0.01s)
14:18:06  INFO        [ ok ] step 58 — BL_DM: dm_junk index                          (0.00s)
14:18:06  INFO        [ ok ] step 59 — BL_DM: dm_products indexes                    (0.00s)
14:18:06  INFO        [ ok ] step 60 — BL_DM: fct_transactions indexes               (0.00s)
14:18:06  INFO        [ ok ] step 61 — BL_DM: unknown members                        (0.02s)
14:18:06  INFO        [ ok ] step 62 — Permissions                                   (0.02s)
14:18:06  INFO      ============================================================
14:18:06  INFO      Setup complete — passed: 62  |  failed: 0  |  skipped: 0
14:18:06  INFO      ============================================================
14:22:59  INFO      Bootstrap will connect as admin user: postgres
14:22:59  INFO      ============================================================
14:22:59  INFO      DWH Infrastructure Setup  —  62 steps  (root: C:\Users\Ana\Desktop\Bachelor-s-Project\DWH_BUILD)
14:22:59  INFO      ============================================================
14:23:00  INFO        [ ok ] step 01 — Create database                               (0.92s)
14:23:00  INFO        [ ok ] step 02 — Create roles & users                          (0.01s)
14:23:00  INFO        [ ok ] step 03 — Create schemas                                (0.00s)
14:23:00  INFO        [ ok ] step 04 — Role DB settings                              (0.01s)
14:23:00  INFO        [ ok ] step 05 — BL_CN: etl_run table                          (0.00s)
14:23:00  INFO        [ ok ] step 06 — BL_CN: etl_log table                          (0.00s)
14:23:00  INFO        [ ok ] step 07 — BL_CN: etl_run index                          (0.00s)
14:23:00  INFO        [ ok ] step 08 — BL_CN: etl_log indexes                        (0.00s)
14:23:00  INFO        [ ok ] step 09 — BL_CN: log_start function                     (0.00s)
14:23:00  INFO        [ ok ] step 10 — BL_CN: log_success procedure                  (0.00s)
14:23:00  INFO        [ ok ] step 11 — BL_CN: log_failure procedure                  (0.00s)
14:23:00  INFO        [ ok ] step 12 — BL_CN: v_latest_runs view                     (0.01s)
14:23:00  INFO        [ ok ] step 13 — BL_CN: v_etl_summary view                     (0.00s)
14:23:00  INFO        [ ok ] step 14 — BL_CN: v_failed_runs view                     (0.00s)
14:23:00  INFO        [ ok ] step 15 — BL_CN: v_pipeline_runs view                   (0.00s)
14:23:00  INFO        [ ok ] step 16 — SA_AUDIT: file_load_log table                 (0.00s)
14:23:00  INFO        [ ok ] step 17 — SA_AUDIT: file_load_log indexes               (0.00s)
14:23:00  INFO        [ ok ] step 18 — SRC: sales_offline table                      (0.00s)
14:23:00  INFO        [ ok ] step 19 — SRC: sales_online table                       (0.00s)
14:23:00  INFO        [ ok ] step 20 — STG: reject_sales table                       (0.00s)
14:23:00  INFO        [ ok ] step 21 — STG: sales_offline table                      (0.00s)
14:23:00  INFO        [ ok ] step 22 — STG: sales_online table                       (0.00s)
14:23:00  INFO        [ ok ] step 23 — STG: reject_sales index                       (0.00s)
14:23:00  INFO        [ ok ] step 24 — STG: sales_offline indexes                    (0.00s)
14:23:00  INFO        [ ok ] step 25 — STG: sales_online indexes                     (0.00s)
14:23:00  INFO        [ ok ] step 26 — BL_3NF: sequences                             (0.00s)
14:23:00  INFO        [ ok ] step 27 — BL_3NF: ce_suppliers table                    (0.00s)
14:23:00  INFO        [ ok ] step 28 — BL_3NF: ce_shippings table                    (0.00s)
14:23:00  INFO        [ ok ] step 29 — BL_3NF: ce_store_branches table               (0.00s)
14:23:00  INFO        [ ok ] step 30 — BL_3NF: ce_products table                     (0.00s)
14:23:00  INFO        [ ok ] step 31 — BL_3NF: ce_customers_scd table                (0.00s)
14:23:00  INFO        [ ok ] step 32 — BL_3NF: ce_employees_scd table                (0.00s)
14:23:00  INFO        [ ok ] step 33 — BL_3NF: ce_transactions table                 (0.00s)
14:23:00  INFO        [ ok ] step 34 — BL_3NF: ce_suppliers indexes                  (0.00s)
14:23:00  INFO        [ ok ] step 35 — BL_3NF: ce_shippings indexes                  (0.00s)
14:23:00  INFO        [ ok ] step 36 — BL_3NF: ce_store_branches index               (0.00s)
14:23:00  INFO        [ ok ] step 37 — BL_3NF: ce_products indexes                   (0.00s)
14:23:00  INFO        [ ok ] step 38 — BL_3NF: ce_customers_scd indexes              (0.01s)
14:23:00  INFO        [ ok ] step 39 — BL_3NF: ce_employees_scd indexes              (0.00s)
14:23:00  INFO        [ ok ] step 40 — BL_3NF: ce_transactions indexes               (0.00s)
14:23:00  INFO        [ ok ] step 41 — BL_3NF: unknown members                       (0.01s)
14:23:00  INFO        [ ok ] step 42 — BL_DM: sequences                              (0.00s)
14:23:00  INFO        [ ok ] step 43 — BL_DM: dm_suppliers table                     (0.00s)
14:23:00  INFO        [ ok ] step 44 — BL_DM: dm_shippings table                     (0.00s)
14:23:00  INFO        [ ok ] step 45 — BL_DM: dm_store_branches table                (0.00s)
14:23:00  INFO        [ ok ] step 46 — BL_DM: dim_dates table                        (0.00s)
14:23:00  INFO        [ ok ] step 47 — BL_DM: dm_customers_scd table                 (0.00s)
14:23:00  INFO        [ ok ] step 48 — BL_DM: dm_employees_scd table                 (0.00s)
14:23:00  INFO        [ ok ] step 49 — BL_DM: dm_junk_transactions table             (0.00s)
14:23:00  INFO        [ ok ] step 50 — BL_DM: dm_products table                      (0.00s)
14:23:00  INFO        [ ok ] step 51 — BL_DM: fct_transactions_dd table              (0.00s)
14:23:00  INFO        [ ok ] step 52 — BL_DM: dm_suppliers indexes                   (0.00s)
14:23:00  INFO        [ ok ] step 53 — BL_DM: dm_shippings indexes                   (0.00s)
14:23:00  INFO        [ ok ] step 54 — BL_DM: dm_store_branches indexes              (0.00s)
14:23:00  INFO        [ ok ] step 55 — BL_DM: dim_dates indexes                      (0.00s)
14:23:00  INFO        [ ok ] step 56 — BL_DM: dm_customers_scd indexes               (0.00s)
14:23:00  INFO        [ ok ] step 57 — BL_DM: dm_employees_scd indexes               (0.00s)
14:23:00  INFO        [ ok ] step 58 — BL_DM: dm_junk index                          (0.00s)
14:23:00  INFO        [ ok ] step 59 — BL_DM: dm_products indexes                    (0.00s)
14:23:00  INFO        [ ok ] step 60 — BL_DM: fct_transactions indexes               (0.00s)
14:23:00  INFO        [ ok ] step 61 — BL_DM: unknown members                        (0.01s)
14:23:00  INFO        [ ok ] step 62 — Permissions                                   (0.01s)
14:23:00  INFO      ============================================================
14:23:00  INFO      Setup complete — passed: 62  |  failed: 0  |  skipped: 0
14:23:00  INFO      ============================================================
